[2026-03-25 17:42:1] [INFO] Importado : Feria del Libro
[2026-03-25 17:42:1] [INFO] Importado : Concierto Rosalia
[2026-03-25 17:42:1] [INFO] Importado : Feria Alternativa
[2026-03-25 17:42:1] [INFO] Importado : Feria de empleo
[2026-03-25 17:42:1] [INFO] Importado : Concierto Izan
[2026-03-25 17:42:1] [INFO] Inicio de la aplicación
[2026-04-14 19:45:10] [INFO] Importado : Feria del Libro
[2026-04-14 19:45:10] [INFO] Importado : Concierto Rosalia
[2026-04-14 19:45:10] [INFO] Importado : Feria Alternativa
[2026-04-14 19:45:10] [INFO] Importado : Feria de empleo
[2026-04-14 19:45:10] [INFO] Importado : Concierto Izan
[2026-04-14 19:45:10] [INFO] Inicio de la aplicación
[2026-04-14 19:45:37] [INFO] Importado : Feria del Libro
[2026-04-14 19:45:37] [INFO] Importado : Concierto Rosalia
[2026-04-14 19:45:37] [INFO] Importado : Feria Alternativa
[2026-04-14 19:45:37] [INFO] Importado : Feria de empleo
[2026-04-14 19:45:37] [INFO] Importado : Concierto Izan
[2026-04-14 19:45:37] [INFO] Inicio de la aplicación
[2026-04-14 19:52:55] [INFO] Importado : Feria del Libro
[2026-04-14 19:52:55] [INFO] Importado : Concierto Rosalia
[2026-04-14 19:52:55] [INFO] Importado : Feria Alternativa
[2026-04-14 19:52:55] [INFO] Importado : Feria de empleo
[2026-04-14 19:52:55] [INFO] Importado : Concierto Izan
[2026-04-14 19:52:55] [INFO] Inicio de la aplicación
[2026-04-14 20:16:20] [INFO] Importado : Feria del Libro
[2026-04-14 20:16:20] [INFO] Importado : Concierto Rosalia
[2026-04-14 20:16:20] [INFO] Importado : Feria Alternativa
[2026-04-14 20:16:20] [INFO] Importado : Feria de empleo
[2026-04-14 20:16:20] [INFO] Importado : Concierto Izan
[2026-04-14 20:16:20] [INFO] Inicio de la aplicación
[2026-04-14 20:31:59] [INFO] Importado : Feria del Libro
[2026-04-14 20:31:59] [INFO] Importado : Concierto Rosalia
[2026-04-14 20:31:59] [INFO] Importado : Feria Alternativa
[2026-04-14 20:31:59] [INFO] Importado : Feria de empleo
[2026-04-14 20:31:59] [INFO] Importado : Concierto Izan
[2026-04-14 20:31:59] [INFO] Inicio de la aplicación
[2026-04-14 20:32:12] [INFO] Importado : Feria del Libro
[2026-04-14 20:32:12] [INFO] Importado : Concierto Rosalia
[2026-04-14 20:32:12] [INFO] Importado : Feria Alternativa
[2026-04-14 20:32:12] [INFO] Importado : Feria de empleo
[2026-04-14 20:32:12] [INFO] Importado : Concierto Izan
[2026-04-14 20:32:12] [INFO] Inicio de la aplicación
